2024-10-27 02:02:50,353 - INFO - MI-STAT - User pp131 hat in sich erfolgreich eingeloggt.
2024-10-27 02:16:18,211 - INFO - MI-STAT - User pp131 hat in sich erfolgreich eingeloggt.
2024-10-27 09:43:19,875 - INFO - MI-STAT - User Collection(Database(MongoClient(host=['localhost:27017'], document_class=dict, tz_aware=False, connect=True), 'user'), 'user') hat sich ausgeloggt.
2024-10-27 20:15:53,970 - INFO - MI-STAT - User pp131 hat in sich erfolgreich eingeloggt.
2024-10-27 20:16:45,582 - INFO - MI-STAT - User pp131 hat in sich erfolgreich eingeloggt.
2024-10-27 20:17:06,499 - INFO - MI-STAT - User pp131 hat in sich erfolgreich eingeloggt.
2024-10-27 20:17:22,299 - INFO - MI-STAT - User pp131 hat in sich erfolgreich eingeloggt.
2024-10-27 20:19:06,391 - INFO - MI-STAT - User pp131 hat in sich erfolgreich eingeloggt.
2024-10-27 20:22:11,472 - INFO - MI-STAT - User pp131 hat in sich erfolgreich eingeloggt.
2024-10-27 20:24:37,778 - INFO - MI-STAT - User pp131 hat in sich erfolgreich eingeloggt.
2024-10-27 20:25:34,857 - INFO - MI-STAT - User pp131 hat in sich erfolgreich eingeloggt.
2024-10-27 20:27:01,454 - INFO - MI-STAT - User pp131 hat in sich erfolgreich eingeloggt.
2024-10-27 20:27:44,025 - INFO - MI-STAT - User pp131 hat in sich erfolgreich eingeloggt.
2024-10-27 20:28:05,373 - INFO - MI-STAT - User Collection(Database(MongoClient(host=['localhost:27017'], document_class=dict, tz_aware=False, connect=True), 'user'), 'user') hat sich ausgeloggt.
2024-10-27 20:28:13,617 - INFO - MI-STAT - User pp131 hat in sich erfolgreich eingeloggt.
2024-10-27 20:28:31,627 - INFO - MI-STAT - User pp131 hat in sich erfolgreich eingeloggt.
2024-10-27 20:29:44,766 - INFO - MI-STAT - User pp131 hat in sich erfolgreich eingeloggt.
2024-10-27 20:30:20,414 - INFO - MI-STAT - User pp131 hat in sich erfolgreich eingeloggt.
2024-10-27 20:32:40,284 - INFO - MI-STAT - User pp131 hat in sich erfolgreich eingeloggt.
2024-10-27 21:23:21,978 - WARNING - MI-STAT - LDAP-Error: {'result': -1, 'desc': "Can't contact LDAP server", 'errno': 110, 'ctrls': [], 'info': 'Connection timed out'}
2024-10-27 21:23:21,978 - INFO - MI-STAT - Ein falscher Anmeldeversuch.
2024-10-27 21:23:27,051 - WARNING - MI-STAT - LDAP-Error: {'result': -1, 'desc': "Can't contact LDAP server", 'errno': 110, 'ctrls': [], 'info': 'Connection timed out'}
2024-10-27 21:23:27,052 - INFO - MI-STAT - Ein falscher Anmeldeversuch.
2024-10-27 21:23:33,847 - WARNING - MI-STAT - LDAP-Error: {'result': -1, 'desc': "Can't contact LDAP server", 'errno': 110, 'ctrls': [], 'info': 'Connection timed out'}
2024-10-27 21:23:33,848 - INFO - MI-STAT - Ein falscher Anmeldeversuch.
2024-10-27 21:23:35,907 - INFO - MI-STAT - User pp131 hat in sich erfolgreich eingeloggt.
2024-10-27 22:24:00,619 - INFO - MI-STAT - User Collection(Database(MongoClient(host=['localhost:27017'], document_class=dict, tz_aware=False, connect=True), 'user'), 'user') hat in Semesterstatistik Item Semesterstatistik: Einschreibezahlen geändert.
2024-10-28 14:08:15,313 - INFO - MI-STAT - User pp131 hat in sich erfolgreich eingeloggt.
2024-10-28 14:19:11,088 - INFO - MI-STAT - User Collection(Database(MongoClient(host=['localhost:27017'], document_class=dict, tz_aware=False, connect=True), 'user'), 'user') hat in Semesterstatistik Item Semesterstatistik: Einschreibezahlen geändert.
2024-10-28 14:23:40,318 - INFO - MI-STAT - User Collection(Database(MongoClient(host=['localhost:27017'], document_class=dict, tz_aware=False, connect=True), 'user'), 'user') hat in Semesterstatistik Item Semesterstatistik: Einschreibezahlen geändert.
2024-10-28 14:24:11,646 - INFO - MI-STAT - User Collection(Database(MongoClient(host=['localhost:27017'], document_class=dict, tz_aware=False, connect=True), 'user'), 'user') hat in Semesterstatistik Item Semesterstatistik: Einschreibezahlen geändert.
2024-10-28 23:03:51,693 - INFO - MI-STAT - User Collection(Database(MongoClient(host=['localhost:27017'], document_class=dict, tz_aware=False, connect=True), 'user'), 'user') hat in Semesterstatistik Item Semesterstatistik: Einschreibezahlen geändert.
2024-10-28 23:04:32,482 - INFO - MI-STAT - User Collection(Database(MongoClient(host=['localhost:27017'], document_class=dict, tz_aware=False, connect=True), 'user'), 'user') hat in Semesterstatistik item Semesterstatistik: Einschreibezahlen gelöscht.
2024-10-28 23:56:43,183 - WARNING - MI-STAT - LDAP-Error: {'result': -1, 'desc': "Can't contact LDAP server", 'errno': 110, 'ctrls': [], 'info': 'Connection timed out'}
2024-10-28 23:56:43,184 - INFO - MI-STAT - Ein falscher Anmeldeversuch.
2024-10-28 23:56:56,344 - WARNING - MI-STAT - LDAP-Error: {'result': -1, 'desc': "Can't contact LDAP server", 'errno': 110, 'ctrls': [], 'info': 'Connection timed out'}
2024-10-28 23:56:56,345 - INFO - MI-STAT - Ein falscher Anmeldeversuch.
2024-10-28 23:56:58,164 - INFO - MI-STAT - User pp131 hat in sich erfolgreich eingeloggt.
2024-10-29 00:04:57,472 - INFO - MI-STAT - User Collection(Database(MongoClient(host=['localhost:27017'], document_class=dict, tz_aware=False, connect=True), 'user'), 'user') hat in Semesterstatistik Item Semesterstatistik: Einschreibezahlen geändert.
2024-10-29 00:15:40,593 - INFO - MI-STAT - User pp131 hat in sich erfolgreich eingeloggt.
2024-10-29 00:18:16,456 - INFO - MI-STAT - User Collection(Database(MongoClient(host=['localhost:27017'], document_class=dict, tz_aware=False, connect=True), 'user'), 'user') hat in Semesterstatistik Item Semesterstatistik: Einschreibezahlen geändert.
2024-10-29 00:18:43,863 - INFO - MI-STAT - User Collection(Database(MongoClient(host=['localhost:27017'], document_class=dict, tz_aware=False, connect=True), 'user'), 'user') hat in Semesterstatistik Item Semesterstatistik: Einschreibezahlen geändert.
2024-10-29 00:19:00,979 - INFO - MI-STAT - User Collection(Database(MongoClient(host=['localhost:27017'], document_class=dict, tz_aware=False, connect=True), 'user'), 'user') hat in Semesterstatistik Item Semesterstatistik: Einschreibezahlen geändert.
2024-10-29 00:21:58,550 - INFO - MI-STAT - User Collection(Database(MongoClient(host=['localhost:27017'], document_class=dict, tz_aware=False, connect=True), 'user'), 'user') hat in Semesterstatistik item Semesterstatistik: Einschreibezahlen gelöscht.
2024-10-29 12:49:41,299 - INFO - MI-STAT - User pp131 hat in sich erfolgreich eingeloggt.
2024-10-29 13:10:01,365 - INFO - MI-STAT - User Collection(Database(MongoClient(host=['localhost:27017'], document_class=dict, tz_aware=False, connect=True), 'user'), 'user') hat in Semesterstatistik ein neues Item angelegt.
2024-10-29 13:49:09,750 - INFO - MI-STAT - User Collection(Database(MongoClient(host=['localhost:27017'], document_class=dict, tz_aware=False, connect=True), 'user'), 'user') hat in Semesterstatistik item Semesterstatistik: Belegung 232 gelöscht.
2024-10-29 23:51:19,982 - INFO - MI-STAT - User pp131 hat in sich erfolgreich eingeloggt.
2024-10-29 23:53:11,592 - INFO - MI-STAT - User Collection(Database(MongoClient(host=['localhost:27017'], document_class=dict, tz_aware=False, connect=True), 'user'), 'user') hat in Semesterstatistik item Semesterstatistik: Einschreibezahlen gelöscht.
2024-10-30 00:07:06,269 - INFO - MI-STAT - User Collection(Database(MongoClient(host=['localhost:27017'], document_class=dict, tz_aware=False, connect=True), 'user'), 'user') hat in Semesterstatistik ein neues Item angelegt.
2024-10-30 00:15:14,859 - INFO - MI-STAT - User pp131 hat in sich erfolgreich eingeloggt.
2024-10-30 06:42:38,540 - INFO - MI-STAT - User Collection(Database(MongoClient(host=['localhost:27017'], document_class=dict, tz_aware=False, connect=True), 'user'), 'user') hat sich ausgeloggt.
2024-10-30 06:42:45,668 - WARNING - MI-STAT - LDAP-Error: {'result': -1, 'desc': "Can't contact LDAP server", 'errno': 110, 'ctrls': [], 'info': 'Connection timed out'}
2024-10-30 06:42:45,668 - INFO - MI-STAT - Ein falscher Anmeldeversuch.
2024-10-30 06:43:20,977 - INFO - MI-STAT - User pp131 hat in sich erfolgreich eingeloggt.
2024-10-31 10:24:11,501 - INFO - MI-STAT - User pp131 hat in sich erfolgreich eingeloggt.
2024-10-31 16:19:06,083 - INFO - MI-STAT - User pp131 hat in sich erfolgreich eingeloggt.
2024-11-01 00:06:31,360 - INFO - MI-STAT - User Collection(Database(MongoClient(host=['localhost:27017'], document_class=dict, tz_aware=False, connect=True), 'user'), 'user') hat in Semesterstatistik Item Semesterstatistik: Einschreibezahlen geändert.
2024-11-01 00:06:42,002 - INFO - MI-STAT - User Collection(Database(MongoClient(host=['localhost:27017'], document_class=dict, tz_aware=False, connect=True), 'user'), 'user') hat in Semesterstatistik Item Semesterstatistik:  lömlö geändert.
2024-11-01 00:08:13,111 - INFO - MI-STAT - User Collection(Database(MongoClient(host=['localhost:27017'], document_class=dict, tz_aware=False, connect=True), 'user'), 'user') hat in Semesterstatistik Item Semesterstatistik: Einschreibezahlen geändert.
2024-11-01 00:10:28,647 - INFO - MI-STAT - User Collection(Database(MongoClient(host=['localhost:27017'], document_class=dict, tz_aware=False, connect=True), 'user'), 'user') hat in Semesterstatistik Item Semesterstatistik:  lömlö geändert.
2024-11-01 00:10:41,390 - INFO - MI-STAT - User Collection(Database(MongoClient(host=['localhost:27017'], document_class=dict, tz_aware=False, connect=True), 'user'), 'user') hat in Semesterstatistik Item Semesterstatistik: Einschreibezahlen geändert.
2024-11-01 00:10:46,971 - INFO - MI-STAT - User Collection(Database(MongoClient(host=['localhost:27017'], document_class=dict, tz_aware=False, connect=True), 'user'), 'user') hat in Semesterstatistik Item Semesterstatistik: Einschreibezahlen geändert.
2024-11-01 20:08:28,890 - WARNING - MI-STAT - LDAP-Error: {'result': -1, 'desc': "Can't contact LDAP server", 'errno': 110, 'ctrls': [], 'info': 'Connection timed out'}
2024-11-01 20:08:28,892 - INFO - MI-STAT - Ein falscher Anmeldeversuch.
2024-11-01 20:08:39,155 - WARNING - MI-STAT - LDAP-Error: {'result': -1, 'desc': "Can't contact LDAP server", 'errno': 110, 'ctrls': [], 'info': 'Connection timed out'}
2024-11-01 20:08:39,156 - INFO - MI-STAT - Ein falscher Anmeldeversuch.
2024-11-01 20:08:40,559 - INFO - MI-STAT - User pp131 hat in sich erfolgreich eingeloggt.
2024-11-01 20:09:34,656 - INFO - MI-STAT - User pp131 hat in sich erfolgreich eingeloggt.
2024-11-01 20:34:30,266 - INFO - MI-STAT - User pp131 hat in sich erfolgreich eingeloggt.
2024-11-01 20:35:08,327 - INFO - MI-STAT - User pp131 hat in sich erfolgreich eingeloggt.
2024-11-01 20:35:36,149 - INFO - MI-STAT - User pp131 hat in sich erfolgreich eingeloggt.
2024-11-01 20:37:50,432 - INFO - MI-STAT - User pp131 hat in sich erfolgreich eingeloggt.
2024-11-02 22:02:56,778 - INFO - MI-STAT - User Collection(Database(MongoClient(host=['localhost:27017'], document_class=dict, tz_aware=False, connect=True), 'user'), 'user') hat sich ausgeloggt.
2024-11-02 22:03:03,126 - WARNING - MI-STAT - LDAP-Error: {'result': -1, 'desc': "Can't contact LDAP server", 'errno': 110, 'ctrls': [], 'info': 'Connection timed out'}
2024-11-02 22:03:03,127 - INFO - MI-STAT - Ein falscher Anmeldeversuch.
2024-11-02 22:03:14,391 - WARNING - MI-STAT - LDAP-Error: {'result': -1, 'desc': "Can't contact LDAP server", 'errno': 110, 'ctrls': [], 'info': 'Connection timed out'}
2024-11-02 22:03:14,392 - INFO - MI-STAT - Ein falscher Anmeldeversuch.
2024-11-02 22:03:18,160 - INFO - MI-STAT - User pp131 hat in sich erfolgreich eingeloggt.
2024-11-02 22:15:57,616 - INFO - MI-STAT - User Collection(Database(MongoClient(host=['localhost:27017'], document_class=dict, tz_aware=False, connect=True), 'user'), 'user') hat in Semesterstatistik Item Semesterstatistik: Einschreibezahlen geändert.
2024-11-02 22:16:14,697 - INFO - MI-STAT - User Collection(Database(MongoClient(host=['localhost:27017'], document_class=dict, tz_aware=False, connect=True), 'user'), 'user') hat in Semesterstatistik ein neues Item angelegt.
2024-11-02 22:19:48,057 - INFO - MI-STAT - User Collection(Database(MongoClient(host=['localhost:27017'], document_class=dict, tz_aware=False, connect=True), 'user'), 'user') hat in Veranstaltungsstatistik ein neues Item angelegt.
2024-11-02 22:43:02,318 - INFO - MI-STAT - User pp131 hat in sich erfolgreich eingeloggt.
2024-11-02 22:51:04,874 - INFO - MI-STAT - User pp131 hat in sich erfolgreich eingeloggt.
